no main manifest attribute, in /home/ec2-user/app/git/spring-webservice-0.0.1-SNAPSHOT-plain.jar
no main manifest attribute, in /home/ec2-user/app/git/spring-webservice-0.0.1-SNAPSHOT-plain.jar
no main manifest attribute, in /home/ec2-user/app/git/spring-webservice-0.0.1-SNAPSHOT-plain.jar
no main manifest attribute, in /home/ec2-user/app/git/spring-webservice-0.0.1-SNAPSHOT-plain.jar
no main manifest attribute, in /home/ec2-user/app/git/spring-webservice-0.0.1-SNAPSHOT-plain.jar

  .   ____          _            __ _ _
 /\\ / ___'_ __ _ _(_)_ __  __ _ \ \ \ \
( ( )\___ | '_ | '_| | '_ \/ _` | \ \ \ \
 \\/  ___)| |_)| | | | | || (_| |  ) ) ) )
  '  |____| .__|_| |_|_| |_\__, | / / / /
 =========|_|==============|___/=/_/_/_/
 :: Spring Boot ::                (v2.7.5)

2022-11-06 04:41:43.197  INFO 30927 --- [           main] com.mwe.webservice.Application           : Starting Application using Java 11.0.17 on ip-172-31-46-20.ap-northeast-2.compute.internal with PID 30927 (/home/ec2-user/app/git/spring-webservice-0.0.1-SNAPSHOT.jar started by ec2-user in /home/ec2-user/app/git/spring-webservice)
2022-11-06 04:41:43.205  INFO 30927 --- [           main] com.mwe.webservice.Application           : The following 1 profile is active: "local"
2022-11-06 04:41:46.405  INFO 30927 --- [           main] .s.d.r.c.RepositoryConfigurationDelegate : Bootstrapping Spring Data JPA repositories in DEFAULT mode.
2022-11-06 04:41:46.550  INFO 30927 --- [           main] .s.d.r.c.RepositoryConfigurationDelegate : Finished Spring Data repository scanning in 123 ms. Found 1 JPA repository interfaces.
2022-11-06 04:41:47.592  INFO 30927 --- [           main] trationDelegate$BeanPostProcessorChecker : Bean 'pl.allegro.tech.boot.autoconfigure.handlebars.HandlebarsHelpersAutoConfiguration' of type [pl.allegro.tech.boot.autoconfigure.handlebars.HandlebarsHelpersAutoConfiguration$$EnhancerBySpringCGLIB$$e8c3c829] is not eligible for getting processed by all BeanPostProcessors (for example: not eligible for auto-proxying)
2022-11-06 04:41:47.668  INFO 30927 --- [           main] trationDelegate$BeanPostProcessorChecker : Bean 'handlebars.resolver-pl.allegro.tech.boot.autoconfigure.handlebars.HandlebarsValueResolversProperties' of type [pl.allegro.tech.boot.autoconfigure.handlebars.HandlebarsValueResolversProperties] is not eligible for getting processed by all BeanPostProcessors (for example: not eligible for auto-proxying)
2022-11-06 04:41:47.686  INFO 30927 --- [           main] trationDelegate$BeanPostProcessorChecker : Bean 'handlebars-pl.allegro.tech.boot.autoconfigure.handlebars.HandlebarsProperties' of type [pl.allegro.tech.boot.autoconfigure.handlebars.HandlebarsProperties] is not eligible for getting processed by all BeanPostProcessors (for example: not eligible for auto-proxying)
2022-11-06 04:41:47.698  INFO 30927 --- [           main] trationDelegate$BeanPostProcessorChecker : Bean 'pl.allegro.tech.boot.autoconfigure.handlebars.HandlebarsAutoConfiguration$HandlebarsViewResolverConfiguration' of type [pl.allegro.tech.boot.autoconfigure.handlebars.HandlebarsAutoConfiguration$HandlebarsViewResolverConfiguration$$EnhancerBySpringCGLIB$$fbaaf2c7] is not eligible for getting processed by all BeanPostProcessors (for example: not eligible for auto-proxying)
2022-11-06 04:41:47.831  INFO 30927 --- [           main] trationDelegate$BeanPostProcessorChecker : Bean 'handlebarsViewResolver' of type [com.github.jknack.handlebars.springmvc.HandlebarsViewResolver] is not eligible for getting processed by all BeanPostProcessors (for example: not eligible for auto-proxying)
2022-11-06 04:41:48.528  INFO 30927 --- [           main] o.s.b.w.embedded.tomcat.TomcatWebServer  : Tomcat initialized with port(s): 8080 (http)
2022-11-06 04:41:48.560  INFO 30927 --- [           main] o.apache.catalina.core.StandardService   : Starting service [Tomcat]
2022-11-06 04:41:48.560  INFO 30927 --- [           main] org.apache.catalina.core.StandardEngine  : Starting Servlet engine: [Apache Tomcat/9.0.68]
2022-11-06 04:41:48.793  INFO 30927 --- [           main] o.a.c.c.C.[Tomcat].[localhost].[/]       : Initializing Spring embedded WebApplicationContext
2022-11-06 04:41:48.794  INFO 30927 --- [           main] w.s.c.ServletWebServerApplicationContext : Root WebApplicationContext: initialization completed in 5394 ms
2022-11-06 04:41:50.219  INFO 30927 --- [           main] com.zaxxer.hikari.HikariDataSource       : HikariPool-1 - Starting...
2022-11-06 04:41:50.725  INFO 30927 --- [           main] com.zaxxer.hikari.HikariDataSource       : HikariPool-1 - Start completed.
2022-11-06 04:41:50.891  INFO 30927 --- [           main] o.hibernate.jpa.internal.util.LogHelper  : HHH000204: Processing PersistenceUnitInfo [name: default]
2022-11-06 04:41:51.074  INFO 30927 --- [           main] org.hibernate.Version                    : HHH000412: Hibernate ORM core version 5.6.12.Final
2022-11-06 04:52:56.883  WARN 30927 --- [l-1 housekeeper] com.zaxxer.hikari.pool.HikariPool        : HikariPool-1 - Thread starvation or clock leap detected (housekeeper delta=1m18s320ms130µs248ns).
2022-11-06 04:52:59.378  INFO 30927 --- [           main] o.hibernate.annotations.common.Version   : HCANN000001: Hibernate Commons Annotations {5.1.2.Final}
2022-11-06 04:53:00.259  INFO 30927 --- [           main] org.hibernate.dialect.Dialect            : HHH000400: Using dialect: org.hibernate.dialect.H2Dialect
Hibernate: drop table if exists posts CASCADE 
Hibernate: create table posts (id bigint generated by default as identity, created_date timestamp, modified_date timestamp, author varchar(255), content TEXT not null, title varchar(500) not null, primary key (id))
2022-11-06 04:53:02.525  INFO 30927 --- [           main] o.h.e.t.j.p.i.JtaPlatformInitiator       : HHH000490: Using JtaPlatform implementation: [org.hibernate.engine.transaction.jta.platform.internal.NoJtaPlatform]
2022-11-06 04:53:02.542  INFO 30927 --- [           main] j.LocalContainerEntityManagerFactoryBean : Initialized JPA EntityManagerFactory for persistence unit 'default'
2022-11-06 04:53:03.885  WARN 30927 --- [           main] JpaBaseConfiguration$JpaWebConfiguration : spring.jpa.open-in-view is enabled by default. Therefore, database queries may be performed during view rendering. Explicitly configure spring.jpa.open-in-view to disable this warning
2022-11-06 04:53:05.066  WARN 30927 --- [           main] c.g.jknack.handlebars.HelperRegistry     : Helper 'capitalize' has been replaced by 'capitalize'
2022-11-06 04:53:05.067  WARN 30927 --- [           main] c.g.jknack.handlebars.HelperRegistry     : Helper 'slugify' has been replaced by 'slugify'
2022-11-06 04:53:05.067  WARN 30927 --- [           main] c.g.jknack.handlebars.HelperRegistry     : Helper 'wordWrap' has been replaced by 'wordWrap'
2022-11-06 04:53:05.094  INFO 30927 --- [           main] o.s.b.a.e.web.EndpointLinksResolver      : Exposing 1 endpoint(s) beneath base path '/actuator'
2022-11-06 04:53:05.251  INFO 30927 --- [           main] o.s.b.w.embedded.tomcat.TomcatWebServer  : Tomcat started on port(s): 8080 (http) with context path ''
2022-11-06 04:53:05.289  INFO 30927 --- [           main] com.mwe.webservice.Application           : Started Application in 684.068 seconds (JVM running for 685.411)
2022-11-06 04:53:26.886  WARN 30927 --- [l-1 housekeeper] com.zaxxer.hikari.pool.HikariPool        : HikariPool-1 - Thread starvation or clock leap detected (housekeeper delta=3m52s448ms402µs307ns).
2022-11-06 05:05:45.553  WARN 30927 --- [l-1 housekeeper] com.zaxxer.hikari.pool.HikariPool        : HikariPool-1 - Thread starvation or clock leap detected (housekeeper delta=49s54ms379µs984ns).

  .   ____          _            __ _ _
 /\\ / ___'_ __ _ _(_)_ __  __ _ \ \ \ \
( ( )\___ | '_ | '_| | '_ \/ _` | \ \ \ \
 \\/  ___)| |_)| | | | | || (_| |  ) ) ) )
  '  |____| .__|_| |_|_| |_\__, | / / / /
 =========|_|==============|___/=/_/_/_/
 :: Spring Boot ::                (v2.7.5)

2022-11-06 05:06:14.591  INFO 2757 --- [           main] com.mwe.webservice.Application           : Starting Application using Java 11.0.17 on ip-172-31-46-20.ap-northeast-2.compute.internal with PID 2757 (/home/ec2-user/app/git/spring-webservice-0.0.1-SNAPSHOT.jar started by ec2-user in /home/ec2-user/app/git/spring-webservice)
2022-11-06 05:06:14.600  INFO 2757 --- [           main] com.mwe.webservice.Application           : The following 1 profile is active: "local"
2022-11-06 05:06:17.174  INFO 2757 --- [           main] .s.d.r.c.RepositoryConfigurationDelegate : Bootstrapping Spring Data JPA repositories in DEFAULT mode.
2022-11-06 05:06:17.319  INFO 2757 --- [           main] .s.d.r.c.RepositoryConfigurationDelegate : Finished Spring Data repository scanning in 126 ms. Found 1 JPA repository interfaces.
2022-11-06 05:06:18.307  INFO 2757 --- [           main] trationDelegate$BeanPostProcessorChecker : Bean 'pl.allegro.tech.boot.autoconfigure.handlebars.HandlebarsHelpersAutoConfiguration' of type [pl.allegro.tech.boot.autoconfigure.handlebars.HandlebarsHelpersAutoConfiguration$$EnhancerBySpringCGLIB$$e8c3c829] is not eligible for getting processed by all BeanPostProcessors (for example: not eligible for auto-proxying)
2022-11-06 05:06:18.371  INFO 2757 --- [           main] trationDelegate$BeanPostProcessorChecker : Bean 'handlebars.resolver-pl.allegro.tech.boot.autoconfigure.handlebars.HandlebarsValueResolversProperties' of type [pl.allegro.tech.boot.autoconfigure.handlebars.HandlebarsValueResolversProperties] is not eligible for getting processed by all BeanPostProcessors (for example: not eligible for auto-proxying)
2022-11-06 05:06:18.388  INFO 2757 --- [           main] trationDelegate$BeanPostProcessorChecker : Bean 'handlebars-pl.allegro.tech.boot.autoconfigure.handlebars.HandlebarsProperties' of type [pl.allegro.tech.boot.autoconfigure.handlebars.HandlebarsProperties] is not eligible for getting processed by all BeanPostProcessors (for example: not eligible for auto-proxying)
2022-11-06 05:06:18.399  INFO 2757 --- [           main] trationDelegate$BeanPostProcessorChecker : Bean 'pl.allegro.tech.boot.autoconfigure.handlebars.HandlebarsAutoConfiguration$HandlebarsViewResolverConfiguration' of type [pl.allegro.tech.boot.autoconfigure.handlebars.HandlebarsAutoConfiguration$HandlebarsViewResolverConfiguration$$EnhancerBySpringCGLIB$$fbaaf2c7] is not eligible for getting processed by all BeanPostProcessors (for example: not eligible for auto-proxying)
2022-11-06 05:06:18.521  INFO 2757 --- [           main] trationDelegate$BeanPostProcessorChecker : Bean 'handlebarsViewResolver' of type [com.github.jknack.handlebars.springmvc.HandlebarsViewResolver] is not eligible for getting processed by all BeanPostProcessors (for example: not eligible for auto-proxying)
2022-11-06 05:06:19.182  INFO 2757 --- [           main] o.s.b.w.embedded.tomcat.TomcatWebServer  : Tomcat initialized with port(s): 8080 (http)
2022-11-06 05:06:19.208  INFO 2757 --- [           main] o.apache.catalina.core.StandardService   : Starting service [Tomcat]
2022-11-06 05:06:19.213  INFO 2757 --- [           main] org.apache.catalina.core.StandardEngine  : Starting Servlet engine: [Apache Tomcat/9.0.68]
2022-11-06 05:06:19.437  INFO 2757 --- [           main] o.a.c.c.C.[Tomcat].[localhost].[/]       : Initializing Spring embedded WebApplicationContext
2022-11-06 05:06:19.438  INFO 2757 --- [           main] w.s.c.ServletWebServerApplicationContext : Root WebApplicationContext: initialization completed in 4682 ms
2022-11-06 05:06:20.859  INFO 2757 --- [           main] com.zaxxer.hikari.HikariDataSource       : HikariPool-1 - Starting...
2022-11-06 05:06:21.567  INFO 2757 --- [           main] com.zaxxer.hikari.HikariDataSource       : HikariPool-1 - Start completed.
2022-11-06 05:06:21.737  INFO 2757 --- [           main] o.hibernate.jpa.internal.util.LogHelper  : HHH000204: Processing PersistenceUnitInfo [name: default]
2022-11-06 05:06:21.886  INFO 2757 --- [           main] org.hibernate.Version                    : HHH000412: Hibernate ORM core version 5.6.12.Final
2022-11-06 05:06:22.631  INFO 2757 --- [           main] o.hibernate.annotations.common.Version   : HCANN000001: Hibernate Commons Annotations {5.1.2.Final}
2022-11-06 05:06:23.084  INFO 2757 --- [           main] org.hibernate.dialect.Dialect            : HHH000400: Using dialect: org.hibernate.dialect.H2Dialect
Hibernate: drop table if exists posts CASCADE 
Hibernate: create table posts (id bigint generated by default as identity, created_date timestamp, modified_date timestamp, author varchar(255), content TEXT not null, title varchar(500) not null, primary key (id))
2022-11-06 05:06:24.461  INFO 2757 --- [           main] o.h.e.t.j.p.i.JtaPlatformInitiator       : HHH000490: Using JtaPlatform implementation: [org.hibernate.engine.transaction.jta.platform.internal.NoJtaPlatform]
2022-11-06 05:06:24.483  INFO 2757 --- [           main] j.LocalContainerEntityManagerFactoryBean : Initialized JPA EntityManagerFactory for persistence unit 'default'
2022-11-06 05:06:25.706  WARN 2757 --- [           main] JpaBaseConfiguration$JpaWebConfiguration : spring.jpa.open-in-view is enabled by default. Therefore, database queries may be performed during view rendering. Explicitly configure spring.jpa.open-in-view to disable this warning
2022-11-06 05:06:26.731  WARN 2757 --- [           main] c.g.jknack.handlebars.HelperRegistry     : Helper 'capitalize' has been replaced by 'capitalize'
2022-11-06 05:06:26.744  WARN 2757 --- [           main] c.g.jknack.handlebars.HelperRegistry     : Helper 'slugify' has been replaced by 'slugify'
2022-11-06 05:06:26.744  WARN 2757 --- [           main] c.g.jknack.handlebars.HelperRegistry     : Helper 'wordWrap' has been replaced by 'wordWrap'
2022-11-06 05:06:26.770  INFO 2757 --- [           main] o.s.b.a.e.web.EndpointLinksResolver      : Exposing 1 endpoint(s) beneath base path '/actuator'
2022-11-06 05:06:26.885  INFO 2757 --- [           main] o.s.b.w.embedded.tomcat.TomcatWebServer  : Tomcat started on port(s): 8080 (http) with context path ''
2022-11-06 05:06:26.923  INFO 2757 --- [           main] com.mwe.webservice.Application           : Started Application in 13.885 seconds (JVM running for 15.233)
2022-11-06 05:31:37.635  WARN 2757 --- [l-1 housekeeper] com.zaxxer.hikari.pool.HikariPool        : HikariPool-1 - Thread starvation or clock leap detected (housekeeper delta=52s300ms513µs811ns).
2022-11-06 05:33:16.203  WARN 2757 --- [l-1 housekeeper] com.zaxxer.hikari.pool.HikariPool        : HikariPool-1 - Thread starvation or clock leap detected (housekeeper delta=2m21s271ms278µs825ns).
2022-11-06 05:35:03.308  INFO 2757 --- [ionShutdownHook] j.LocalContainerEntityManagerFactoryBean : Closing JPA EntityManagerFactory for persistence unit 'default'
2022-11-06 05:35:03.310  INFO 2757 --- [ionShutdownHook] .SchemaDropperImpl$DelayedDropActionImpl : HHH000477: Starting delayed evictData of schema as part of SessionFactory shut-down'
Hibernate: drop table if exists posts CASCADE 
2022-11-06 05:35:03.326  INFO 2757 --- [ionShutdownHook] com.zaxxer.hikari.HikariDataSource       : HikariPool-1 - Shutdown initiated...
2022-11-06 05:35:03.334  INFO 2757 --- [ionShutdownHook] com.zaxxer.hikari.HikariDataSource       : HikariPool-1 - Shutdown completed.
Error: Invalid or corrupt jarfile /home/ec2-user/app/travis/jar
Error: Invalid or corrupt jarfile /home/ec2-user/app/travis/jar
Error: Invalid or corrupt jarfile /home/ec2-user/app/travis/jar
Error: Invalid or corrupt jarfile /home/ec2-user/app/travis/jar
Error: Invalid or corrupt jarfile /home/ec2-user/app/travis/jar
Error: Invalid or corrupt jarfile /home/ec2-user/app/travis/jar
> 현재 구동중인 애플리케이션 pid 확인
> 현재 구동중인 애플리케이션 pid: 
> 현재 구동중인 애플리케이션이 없으므로 종료하지 않습니다.
> 새 애플리케이션 배포
> Build 파일 복사
> Jar Name: jar
Error: Invalid or corrupt jarfile /home/ec2-user/app/travis/jar
> 현재 구동중인 애플리케이션 pid 확인
> 현재 구동중인 애플리케이션 pid: 
> 현재 구동중인 애플리케이션이 없으므로 종료하지 않습니다.
> 새 애플리케이션 배포
> Build 파일 복사
> Jar Name: spring-webservice-0.0.3-SNAPSHOT.jar
Error: Unable to access jarfile /home/ec2-user/app/travis/spring-webservice-0.0.3-SNAPSHOT.jar
> 

  .   ____          _            __ _ _
 /\\ / ___'_ __ _ _(_)_ __  __ _ \ \ \ \
( ( )\___ | '_ | '_| | '_ \/ _` | \ \ \ \
 \\/  ___)| |_)| | | | | || (_| |  ) ) ) )
  '  |____| .__|_| |_|_| |_\__, | / / / /
 =========|_|==============|___/=/_/_/_/
 :: Spring Boot ::                (v2.7.5)

2022-11-06 12:24:46.614  INFO 18271 --- [           main] com.mwe.webservice.Application           : Starting Application using Java 11.0.17 on ip-172-31-46-20.ap-northeast-2.compute.internal with PID 18271 (/home/ec2-user/app/travis/jar/spring-webservice-0.0.3-SNAPSHOT.jar started by ec2-user in /home/ec2-user/app/git/spring-webservice)
2022-11-06 12:24:46.622  INFO 18271 --- [           main] com.mwe.webservice.Application           : The following 1 profile is active: "local"
2022-11-06 12:24:49.183  INFO 18271 --- [           main] .s.d.r.c.RepositoryConfigurationDelegate : Bootstrapping Spring Data JPA repositories in DEFAULT mode.
2022-11-06 12:24:49.318  INFO 18271 --- [           main] .s.d.r.c.RepositoryConfigurationDelegate : Finished Spring Data repository scanning in 123 ms. Found 1 JPA repository interfaces.
2022-11-06 12:24:50.331  INFO 18271 --- [           main] trationDelegate$BeanPostProcessorChecker : Bean 'pl.allegro.tech.boot.autoconfigure.handlebars.HandlebarsHelpersAutoConfiguration' of type [pl.allegro.tech.boot.autoconfigure.handlebars.HandlebarsHelpersAutoConfiguration$$EnhancerBySpringCGLIB$$e8c3c829] is not eligible for getting processed by all BeanPostProcessors (for example: not eligible for auto-proxying)
2022-11-06 12:24:50.393  INFO 18271 --- [           main] trationDelegate$BeanPostProcessorChecker : Bean 'handlebars.resolver-pl.allegro.tech.boot.autoconfigure.handlebars.HandlebarsValueResolversProperties' of type [pl.allegro.tech.boot.autoconfigure.handlebars.HandlebarsValueResolversProperties] is not eligible for getting processed by all BeanPostProcessors (for example: not eligible for auto-proxying)
2022-11-06 12:24:50.415  INFO 18271 --- [           main] trationDelegate$BeanPostProcessorChecker : Bean 'handlebars-pl.allegro.tech.boot.autoconfigure.handlebars.HandlebarsProperties' of type [pl.allegro.tech.boot.autoconfigure.handlebars.HandlebarsProperties] is not eligible for getting processed by all BeanPostProcessors (for example: not eligible for auto-proxying)
2022-11-06 12:24:50.417  INFO 18271 --- [           main] trationDelegate$BeanPostProcessorChecker : Bean 'pl.allegro.tech.boot.autoconfigure.handlebars.HandlebarsAutoConfiguration$HandlebarsViewResolverConfiguration' of type [pl.allegro.tech.boot.autoconfigure.handlebars.HandlebarsAutoConfiguration$HandlebarsViewResolverConfiguration$$EnhancerBySpringCGLIB$$fbaaf2c7] is not eligible for getting processed by all BeanPostProcessors (for example: not eligible for auto-proxying)
2022-11-06 12:24:50.539  INFO 18271 --- [           main] trationDelegate$BeanPostProcessorChecker : Bean 'handlebarsViewResolver' of type [com.github.jknack.handlebars.springmvc.HandlebarsViewResolver] is not eligible for getting processed by all BeanPostProcessors (for example: not eligible for auto-proxying)
2022-11-06 12:24:51.216  INFO 18271 --- [           main] o.s.b.w.embedded.tomcat.TomcatWebServer  : Tomcat initialized with port(s): 8080 (http)
2022-11-06 12:24:51.248  INFO 18271 --- [           main] o.apache.catalina.core.StandardService   : Starting service [Tomcat]
2022-11-06 12:24:51.255  INFO 18271 --- [           main] org.apache.catalina.core.StandardEngine  : Starting Servlet engine: [Apache Tomcat/9.0.68]
2022-11-06 12:24:51.469  INFO 18271 --- [           main] o.a.c.c.C.[Tomcat].[localhost].[/]       : Initializing Spring embedded WebApplicationContext
2022-11-06 12:24:51.475  INFO 18271 --- [           main] w.s.c.ServletWebServerApplicationContext : Root WebApplicationContext: initialization completed in 4686 ms
2022-11-06 12:24:52.797  INFO 18271 --- [           main] com.zaxxer.hikari.HikariDataSource       : HikariPool-1 - Starting...
2022-11-06 12:24:53.399  INFO 18271 --- [           main] com.zaxxer.hikari.HikariDataSource       : HikariPool-1 - Start completed.
2022-11-06 12:24:53.587  INFO 18271 --- [           main] o.hibernate.jpa.internal.util.LogHelper  : HHH000204: Processing PersistenceUnitInfo [name: default]
2022-11-06 12:24:53.721  INFO 18271 --- [           main] org.hibernate.Version                    : HHH000412: Hibernate ORM core version 5.6.12.Final
2022-11-06 12:24:54.317  INFO 18271 --- [           main] o.hibernate.annotations.common.Version   : HCANN000001: Hibernate Commons Annotations {5.1.2.Final}
2022-11-06 12:24:54.625  INFO 18271 --- [           main] org.hibernate.dialect.Dialect            : HHH000400: Using dialect: org.hibernate.dialect.H2Dialect
Hibernate: drop table if exists posts CASCADE 
Hibernate: create table posts (id bigint generated by default as identity, created_date timestamp, modified_date timestamp, author varchar(255), content TEXT not null, title varchar(500) not null, primary key (id))
2022-11-06 12:24:55.945  INFO 18271 --- [           main] o.h.e.t.j.p.i.JtaPlatformInitiator       : HHH000490: Using JtaPlatform implementation: [org.hibernate.engine.transaction.jta.platform.internal.NoJtaPlatform]
2022-11-06 12:24:55.958  INFO 18271 --- [           main] j.LocalContainerEntityManagerFactoryBean : Initialized JPA EntityManagerFactory for persistence unit 'default'
2022-11-06 12:24:57.687  WARN 18271 --- [           main] JpaBaseConfiguration$JpaWebConfiguration : spring.jpa.open-in-view is enabled by default. Therefore, database queries may be performed during view rendering. Explicitly configure spring.jpa.open-in-view to disable this warning
2022-11-06 12:24:59.056  WARN 18271 --- [           main] c.g.jknack.handlebars.HelperRegistry     : Helper 'capitalize' has been replaced by 'capitalize'
2022-11-06 12:24:59.059  WARN 18271 --- [           main] c.g.jknack.handlebars.HelperRegistry     : Helper 'slugify' has been replaced by 'slugify'
2022-11-06 12:24:59.059  WARN 18271 --- [           main] c.g.jknack.handlebars.HelperRegistry     : Helper 'wordWrap' has been replaced by 'wordWrap'
2022-11-06 12:24:59.089  INFO 18271 --- [           main] o.s.b.a.e.web.EndpointLinksResolver      : Exposing 1 endpoint(s) beneath base path '/actuator'
2022-11-06 12:24:59.222  INFO 18271 --- [           main] o.s.b.w.embedded.tomcat.TomcatWebServer  : Tomcat started on port(s): 8080 (http) with context path ''
2022-11-06 12:24:59.259  INFO 18271 --- [           main] com.mwe.webservice.Application           : Started Application in 14.261 seconds (JVM running for 15.577)
2022-11-06 12:26:50.110  INFO 18271 --- [ionShutdownHook] j.LocalContainerEntityManagerFactoryBean : Closing JPA EntityManagerFactory for persistence unit 'default'
2022-11-06 12:26:50.117  INFO 18271 --- [ionShutdownHook] .SchemaDropperImpl$DelayedDropActionImpl : HHH000477: Starting delayed evictData of schema as part of SessionFactory shut-down'
Hibernate: drop table if exists posts CASCADE 
2022-11-06 12:26:50.133  INFO 18271 --- [ionShutdownHook] com.zaxxer.hikari.HikariDataSource       : HikariPool-1 - Shutdown initiated...
2022-11-06 12:26:50.141  INFO 18271 --- [ionShutdownHook] com.zaxxer.hikari.HikariDataSource       : HikariPool-1 - Shutdown completed.
Error: Invalid or corrupt jarfile /home/ec2-user/app/nonstop/jar/set1-springboot-webservice.jar
Error: Invalid or corrupt jarfile /home/ec2-user/app/nonstop/jar/set1-springboot-webservice.jar

  .   ____          _            __ _ _
 /\\ / ___'_ __ _ _(_)_ __  __ _ \ \ \ \
( ( )\___ | '_ | '_| | '_ \/ _` | \ \ \ \
 \\/  ___)| |_)| | | | | || (_| |  ) ) ) )
  '  |____| .__|_| |_|_| |_\__, | / / / /
 =========|_|==============|___/=/_/_/_/
 :: Spring Boot ::                (v2.7.5)

2022-11-07 04:00:02.832  INFO 19140 --- [           main] com.mwe.webservice.Application           : Starting Application using Java 11.0.17 on ip-172-31-46-20.ap-northeast-2.compute.internal with PID 19140 (/home/ec2-user/app/nonstop/jar/spring-webservice-0.0.3-SNAPSHOT.jar started by ec2-user in /home/ec2-user/app/git/spring-webservice)
2022-11-07 04:00:02.847  INFO 19140 --- [           main] com.mwe.webservice.Application           : The following 1 profile is active: "set1"
2022-11-07 04:00:06.505  INFO 19140 --- [           main] .s.d.r.c.RepositoryConfigurationDelegate : Bootstrapping Spring Data JPA repositories in DEFAULT mode.
2022-11-07 04:00:06.661  INFO 19140 --- [           main] .s.d.r.c.RepositoryConfigurationDelegate : Finished Spring Data repository scanning in 141 ms. Found 1 JPA repository interfaces.
2022-11-07 04:00:07.692  INFO 19140 --- [           main] trationDelegate$BeanPostProcessorChecker : Bean 'pl.allegro.tech.boot.autoconfigure.handlebars.HandlebarsHelpersAutoConfiguration' of type [pl.allegro.tech.boot.autoconfigure.handlebars.HandlebarsHelpersAutoConfiguration$$EnhancerBySpringCGLIB$$e8c3c829] is not eligible for getting processed by all BeanPostProcessors (for example: not eligible for auto-proxying)
2022-11-07 04:00:07.756  INFO 19140 --- [           main] trationDelegate$BeanPostProcessorChecker : Bean 'handlebars.resolver-pl.allegro.tech.boot.autoconfigure.handlebars.HandlebarsValueResolversProperties' of type [pl.allegro.tech.boot.autoconfigure.handlebars.HandlebarsValueResolversProperties] is not eligible for getting processed by all BeanPostProcessors (for example: not eligible for auto-proxying)
2022-11-07 04:00:07.771  INFO 19140 --- [           main] trationDelegate$BeanPostProcessorChecker : Bean 'handlebars-pl.allegro.tech.boot.autoconfigure.handlebars.HandlebarsProperties' of type [pl.allegro.tech.boot.autoconfigure.handlebars.HandlebarsProperties] is not eligible for getting processed by all BeanPostProcessors (for example: not eligible for auto-proxying)
2022-11-07 04:00:07.776  INFO 19140 --- [           main] trationDelegate$BeanPostProcessorChecker : Bean 'pl.allegro.tech.boot.autoconfigure.handlebars.HandlebarsAutoConfiguration$HandlebarsViewResolverConfiguration' of type [pl.allegro.tech.boot.autoconfigure.handlebars.HandlebarsAutoConfiguration$HandlebarsViewResolverConfiguration$$EnhancerBySpringCGLIB$$fbaaf2c7] is not eligible for getting processed by all BeanPostProcessors (for example: not eligible for auto-proxying)
2022-11-07 04:00:07.892  INFO 19140 --- [           main] trationDelegate$BeanPostProcessorChecker : Bean 'handlebarsViewResolver' of type [com.github.jknack.handlebars.springmvc.HandlebarsViewResolver] is not eligible for getting processed by all BeanPostProcessors (for example: not eligible for auto-proxying)
2022-11-07 04:00:08.567  INFO 19140 --- [           main] o.s.b.w.embedded.tomcat.TomcatWebServer  : Tomcat initialized with port(s): 8080 (http)
2022-11-07 04:00:08.596  INFO 19140 --- [           main] o.apache.catalina.core.StandardService   : Starting service [Tomcat]
2022-11-07 04:00:08.601  INFO 19140 --- [           main] org.apache.catalina.core.StandardEngine  : Starting Servlet engine: [Apache Tomcat/9.0.68]
2022-11-07 04:00:08.796  INFO 19140 --- [           main] o.a.c.c.C.[Tomcat].[localhost].[/]       : Initializing Spring embedded WebApplicationContext
2022-11-07 04:00:08.805  INFO 19140 --- [           main] w.s.c.ServletWebServerApplicationContext : Root WebApplicationContext: initialization completed in 5770 ms
2022-11-07 04:00:10.292  INFO 19140 --- [           main] com.zaxxer.hikari.HikariDataSource       : HikariPool-1 - Starting...
2022-11-07 04:00:10.799  INFO 19140 --- [           main] com.zaxxer.hikari.HikariDataSource       : HikariPool-1 - Start completed.
2022-11-07 04:00:10.949  INFO 19140 --- [           main] o.hibernate.jpa.internal.util.LogHelper  : HHH000204: Processing PersistenceUnitInfo [name: default]
2022-11-07 04:00:11.096  INFO 19140 --- [           main] org.hibernate.Version                    : HHH000412: Hibernate ORM core version 5.6.12.Final
2022-11-07 04:00:11.627  INFO 19140 --- [           main] o.hibernate.annotations.common.Version   : HCANN000001: Hibernate Commons Annotations {5.1.2.Final}
2022-11-07 04:00:11.936  INFO 19140 --- [           main] org.hibernate.dialect.Dialect            : HHH000400: Using dialect: org.hibernate.dialect.H2Dialect
2022-11-07 04:00:13.231  INFO 19140 --- [           main] o.h.e.t.j.p.i.JtaPlatformInitiator       : HHH000490: Using JtaPlatform implementation: [org.hibernate.engine.transaction.jta.platform.internal.NoJtaPlatform]
2022-11-07 04:00:13.258  INFO 19140 --- [           main] j.LocalContainerEntityManagerFactoryBean : Initialized JPA EntityManagerFactory for persistence unit 'default'
2022-11-07 04:00:14.650  WARN 19140 --- [           main] JpaBaseConfiguration$JpaWebConfiguration : spring.jpa.open-in-view is enabled by default. Therefore, database queries may be performed during view rendering. Explicitly configure spring.jpa.open-in-view to disable this warning
2022-11-07 04:00:15.777  WARN 19140 --- [           main] c.g.jknack.handlebars.HelperRegistry     : Helper 'capitalize' has been replaced by 'capitalize'
2022-11-07 04:00:15.777  WARN 19140 --- [           main] c.g.jknack.handlebars.HelperRegistry     : Helper 'slugify' has been replaced by 'slugify'
2022-11-07 04:00:15.777  WARN 19140 --- [           main] c.g.jknack.handlebars.HelperRegistry     : Helper 'wordWrap' has been replaced by 'wordWrap'
2022-11-07 04:00:15.815  INFO 19140 --- [           main] o.s.b.a.e.web.EndpointLinksResolver      : Exposing 1 endpoint(s) beneath base path '/actuator'
2022-11-07 04:00:15.934  INFO 19140 --- [           main] o.s.b.w.embedded.tomcat.TomcatWebServer  : Tomcat started on port(s): 8080 (http) with context path ''
2022-11-07 04:00:15.974  INFO 19140 --- [           main] com.mwe.webservice.Application           : Started Application in 14.873 seconds (JVM running for 16.445)
2022-11-07 04:13:35.064  INFO 19140 --- [ionShutdownHook] j.LocalContainerEntityManagerFactoryBean : Closing JPA EntityManagerFactory for persistence unit 'default'
2022-11-07 04:13:35.067  INFO 19140 --- [ionShutdownHook] .SchemaDropperImpl$DelayedDropActionImpl : HHH000477: Starting delayed evictData of schema as part of SessionFactory shut-down'
2022-11-07 04:13:35.086  INFO 19140 --- [ionShutdownHook] com.zaxxer.hikari.HikariDataSource       : HikariPool-1 - Shutdown initiated...
2022-11-07 04:13:35.089  INFO 19140 --- [ionShutdownHook] com.zaxxer.hikari.HikariDataSource       : HikariPool-1 - Shutdown completed.

  .   ____          _            __ _ _
 /\\ / ___'_ __ _ _(_)_ __  __ _ \ \ \ \
( ( )\___ | '_ | '_| | '_ \/ _` | \ \ \ \
 \\/  ___)| |_)| | | | | || (_| |  ) ) ) )
  '  |____| .__|_| |_|_| |_\__, | / / / /
 =========|_|==============|___/=/_/_/_/
 :: Spring Boot ::                (v2.7.5)

2022-11-08 11:20:06.456  INFO 15836 --- [           main] com.mwe.webservice.Application           : Starting Application using Java 11.0.17 on ip-172-31-46-20.ap-northeast-2.compute.internal with PID 15836 (/home/ec2-user/app/git/spring-webservice-0.0.3-SNAPSHOT.jar started by ec2-user in /home/ec2-user/app/git/spring-webservice)
2022-11-08 11:20:06.463  INFO 15836 --- [           main] com.mwe.webservice.Application           : No active profile set, falling back to 1 default profile: "default"
2022-11-08 11:20:06.612  WARN 15836 --- [           main] o.s.b.c.config.ConfigDataEnvironment     : Property 'spring.profiles' imported from location 'file [/home/ec2-user/app/config/spring-webservice/real-application.yml]' is invalid and should be replaced with 'spring.config.activate.on-profile' [origin: URL [file:/home/ec2-user/app/config/spring-webservice/real-application.yml] - 10:13]
2022-11-08 11:20:06.613  WARN 15836 --- [           main] o.s.b.c.config.ConfigDataEnvironment     : Property 'spring.profiles' imported from location 'file [/home/ec2-user/app/config/spring-webservice/real-application.yml]' is invalid and should be replaced with 'spring.config.activate.on-profile' [origin: URL [file:/home/ec2-user/app/config/spring-webservice/real-application.yml] - 3:13]
2022-11-08 11:20:09.036  INFO 15836 --- [           main] .s.d.r.c.RepositoryConfigurationDelegate : Bootstrapping Spring Data JPA repositories in DEFAULT mode.
2022-11-08 11:20:09.161  INFO 15836 --- [           main] .s.d.r.c.RepositoryConfigurationDelegate : Finished Spring Data repository scanning in 110 ms. Found 1 JPA repository interfaces.
2022-11-08 11:20:10.132  INFO 15836 --- [           main] trationDelegate$BeanPostProcessorChecker : Bean 'pl.allegro.tech.boot.autoconfigure.handlebars.HandlebarsHelpersAutoConfiguration' of type [pl.allegro.tech.boot.autoconfigure.handlebars.HandlebarsHelpersAutoConfiguration$$EnhancerBySpringCGLIB$$5c9ccdc7] is not eligible for getting processed by all BeanPostProcessors (for example: not eligible for auto-proxying)
2022-11-08 11:20:10.185  INFO 15836 --- [           main] trationDelegate$BeanPostProcessorChecker : Bean 'handlebars.resolver-pl.allegro.tech.boot.autoconfigure.handlebars.HandlebarsValueResolversProperties' of type [pl.allegro.tech.boot.autoconfigure.handlebars.HandlebarsValueResolversProperties] is not eligible for getting processed by all BeanPostProcessors (for example: not eligible for auto-proxying)
2022-11-08 11:20:10.200  INFO 15836 --- [           main] trationDelegate$BeanPostProcessorChecker : Bean 'handlebars-pl.allegro.tech.boot.autoconfigure.handlebars.HandlebarsProperties' of type [pl.allegro.tech.boot.autoconfigure.handlebars.HandlebarsProperties] is not eligible for getting processed by all BeanPostProcessors (for example: not eligible for auto-proxying)
2022-11-08 11:20:10.203  INFO 15836 --- [           main] trationDelegate$BeanPostProcessorChecker : Bean 'pl.allegro.tech.boot.autoconfigure.handlebars.HandlebarsAutoConfiguration$HandlebarsViewResolverConfiguration' of type [pl.allegro.tech.boot.autoconfigure.handlebars.HandlebarsAutoConfiguration$HandlebarsViewResolverConfiguration$$EnhancerBySpringCGLIB$$6f83f865] is not eligible for getting processed by all BeanPostProcessors (for example: not eligible for auto-proxying)
2022-11-08 11:20:10.322  INFO 15836 --- [           main] trationDelegate$BeanPostProcessorChecker : Bean 'handlebarsViewResolver' of type [com.github.jknack.handlebars.springmvc.HandlebarsViewResolver] is not eligible for getting processed by all BeanPostProcessors (for example: not eligible for auto-proxying)
2022-11-08 11:20:10.958  INFO 15836 --- [           main] o.s.b.w.embedded.tomcat.TomcatWebServer  : Tomcat initialized with port(s): 8080 (http)
2022-11-08 11:20:10.992  INFO 15836 --- [           main] o.apache.catalina.core.StandardService   : Starting service [Tomcat]
2022-11-08 11:20:11.000  INFO 15836 --- [           main] org.apache.catalina.core.StandardEngine  : Starting Servlet engine: [Apache Tomcat/9.0.68]
2022-11-08 11:20:11.192  INFO 15836 --- [           main] o.a.c.c.C.[Tomcat].[localhost].[/]       : Initializing Spring embedded WebApplicationContext
2022-11-08 11:20:11.195  INFO 15836 --- [           main] w.s.c.ServletWebServerApplicationContext : Root WebApplicationContext: initialization completed in 4580 ms
2022-11-08 11:20:12.523  INFO 15836 --- [           main] com.zaxxer.hikari.HikariDataSource       : HikariPool-1 - Starting...
2022-11-08 11:20:13.064  INFO 15836 --- [           main] com.zaxxer.hikari.HikariDataSource       : HikariPool-1 - Start completed.
2022-11-08 11:20:13.198  INFO 15836 --- [           main] o.hibernate.jpa.internal.util.LogHelper  : HHH000204: Processing PersistenceUnitInfo [name: default]
2022-11-08 11:20:13.310  INFO 15836 --- [           main] org.hibernate.Version                    : HHH000412: Hibernate ORM core version 5.6.12.Final
2022-11-08 11:20:13.967  INFO 15836 --- [           main] o.hibernate.annotations.common.Version   : HCANN000001: Hibernate Commons Annotations {5.1.2.Final}
2022-11-08 11:20:14.281  INFO 15836 --- [           main] org.hibernate.dialect.Dialect            : HHH000400: Using dialect: org.hibernate.dialect.H2Dialect
2022-11-08 11:20:15.415  INFO 15836 --- [           main] o.h.e.t.j.p.i.JtaPlatformInitiator       : HHH000490: Using JtaPlatform implementation: [org.hibernate.engine.transaction.jta.platform.internal.NoJtaPlatform]
2022-11-08 11:20:15.435  INFO 15836 --- [           main] j.LocalContainerEntityManagerFactoryBean : Initialized JPA EntityManagerFactory for persistence unit 'default'
2022-11-08 11:20:16.689  WARN 15836 --- [           main] JpaBaseConfiguration$JpaWebConfiguration : spring.jpa.open-in-view is enabled by default. Therefore, database queries may be performed during view rendering. Explicitly configure spring.jpa.open-in-view to disable this warning
2022-11-08 11:20:18.001  WARN 15836 --- [           main] c.g.jknack.handlebars.HelperRegistry     : Helper 'capitalize' has been replaced by 'capitalize'
2022-11-08 11:20:18.003  WARN 15836 --- [           main] c.g.jknack.handlebars.HelperRegistry     : Helper 'slugify' has been replaced by 'slugify'
2022-11-08 11:20:18.007  WARN 15836 --- [           main] c.g.jknack.handlebars.HelperRegistry     : Helper 'wordWrap' has been replaced by 'wordWrap'
2022-11-08 11:20:18.036  INFO 15836 --- [           main] o.s.b.a.e.web.EndpointLinksResolver      : Exposing 1 endpoint(s) beneath base path '/actuator'
2022-11-08 11:20:18.180  INFO 15836 --- [           main] o.s.b.w.embedded.tomcat.TomcatWebServer  : Tomcat started on port(s): 8080 (http) with context path ''
2022-11-08 11:20:18.233  INFO 15836 --- [           main] com.mwe.webservice.Application           : Started Application in 13.278 seconds (JVM running for 14.818)

  .   ____          _            __ _ _
 /\\ / ___'_ __ _ _(_)_ __  __ _ \ \ \ \
( ( )\___ | '_ | '_| | '_ \/ _` | \ \ \ \
 \\/  ___)| |_)| | | | | || (_| |  ) ) ) )
  '  |____| .__|_| |_|_| |_\__, | / / / /
 =========|_|==============|___/=/_/_/_/
 :: Spring Boot ::                (v2.7.5)

2022-11-08 12:28:09.433  INFO 22794 --- [           main] com.mwe.webservice.Application           : Starting Application using Java 11.0.17 on ip-172-31-46-20.ap-northeast-2.compute.internal with PID 22794 (/home/ec2-user/app/nonstop/jar/spring-webservice-0.0.3-SNAPSHOT.jar started by ec2-user in /home/ec2-user/app/git/spring-webservice)
2022-11-08 12:28:09.446  INFO 22794 --- [           main] com.mwe.webservice.Application           : The following 1 profile is active: "set1"
2022-11-08 12:28:12.712  INFO 22794 --- [           main] .s.d.r.c.RepositoryConfigurationDelegate : Bootstrapping Spring Data JPA repositories in DEFAULT mode.
2022-11-08 12:28:12.892  INFO 22794 --- [           main] .s.d.r.c.RepositoryConfigurationDelegate : Finished Spring Data repository scanning in 158 ms. Found 1 JPA repository interfaces.
2022-11-08 12:28:13.996  INFO 22794 --- [           main] trationDelegate$BeanPostProcessorChecker : Bean 'pl.allegro.tech.boot.autoconfigure.handlebars.HandlebarsHelpersAutoConfiguration' of type [pl.allegro.tech.boot.autoconfigure.handlebars.HandlebarsHelpersAutoConfiguration$$EnhancerBySpringCGLIB$$cf0832c8] is not eligible for getting processed by all BeanPostProcessors (for example: not eligible for auto-proxying)
2022-11-08 12:28:14.055  INFO 22794 --- [           main] trationDelegate$BeanPostProcessorChecker : Bean 'handlebars.resolver-pl.allegro.tech.boot.autoconfigure.handlebars.HandlebarsValueResolversProperties' of type [pl.allegro.tech.boot.autoconfigure.handlebars.HandlebarsValueResolversProperties] is not eligible for getting processed by all BeanPostProcessors (for example: not eligible for auto-proxying)
2022-11-08 12:28:14.070  INFO 22794 --- [           main] trationDelegate$BeanPostProcessorChecker : Bean 'handlebars-pl.allegro.tech.boot.autoconfigure.handlebars.HandlebarsProperties' of type [pl.allegro.tech.boot.autoconfigure.handlebars.HandlebarsProperties] is not eligible for getting processed by all BeanPostProcessors (for example: not eligible for auto-proxying)
2022-11-08 12:28:14.075  INFO 22794 --- [           main] trationDelegate$BeanPostProcessorChecker : Bean 'pl.allegro.tech.boot.autoconfigure.handlebars.HandlebarsAutoConfiguration$HandlebarsViewResolverConfiguration' of type [pl.allegro.tech.boot.autoconfigure.handlebars.HandlebarsAutoConfiguration$HandlebarsViewResolverConfiguration$$EnhancerBySpringCGLIB$$e1ef5d66] is not eligible for getting processed by all BeanPostProcessors (for example: not eligible for auto-proxying)
2022-11-08 12:28:14.200  INFO 22794 --- [           main] trationDelegate$BeanPostProcessorChecker : Bean 'handlebarsViewResolver' of type [com.github.jknack.handlebars.springmvc.HandlebarsViewResolver] is not eligible for getting processed by all BeanPostProcessors (for example: not eligible for auto-proxying)
2022-11-08 12:28:14.811  INFO 22794 --- [           main] o.s.b.w.embedded.tomcat.TomcatWebServer  : Tomcat initialized with port(s): 8080 (http)
2022-11-08 12:28:14.840  INFO 22794 --- [           main] o.apache.catalina.core.StandardService   : Starting service [Tomcat]
2022-11-08 12:28:14.841  INFO 22794 --- [           main] org.apache.catalina.core.StandardEngine  : Starting Servlet engine: [Apache Tomcat/9.0.68]
2022-11-08 12:28:15.067  INFO 22794 --- [           main] o.a.c.c.C.[Tomcat].[localhost].[/]       : Initializing Spring embedded WebApplicationContext
2022-11-08 12:28:15.068  INFO 22794 --- [           main] w.s.c.ServletWebServerApplicationContext : Root WebApplicationContext: initialization completed in 5463 ms
2022-11-08 12:28:16.720  INFO 22794 --- [           main] com.zaxxer.hikari.HikariDataSource       : HikariPool-1 - Starting...
2022-11-08 12:28:17.488  INFO 22794 --- [           main] com.zaxxer.hikari.HikariDataSource       : HikariPool-1 - Start completed.
2022-11-08 12:28:17.696  INFO 22794 --- [           main] o.hibernate.jpa.internal.util.LogHelper  : HHH000204: Processing PersistenceUnitInfo [name: default]
2022-11-08 12:28:17.909  INFO 22794 --- [           main] org.hibernate.Version                    : HHH000412: Hibernate ORM core version 5.6.12.Final
2022-11-08 12:28:18.452  INFO 22794 --- [           main] o.hibernate.annotations.common.Version   : HCANN000001: Hibernate Commons Annotations {5.1.2.Final}
2022-11-08 12:28:18.750  INFO 22794 --- [           main] org.hibernate.dialect.Dialect            : HHH000400: Using dialect: org.hibernate.dialect.H2Dialect
2022-11-08 12:28:20.213  INFO 22794 --- [           main] o.h.e.t.j.p.i.JtaPlatformInitiator       : HHH000490: Using JtaPlatform implementation: [org.hibernate.engine.transaction.jta.platform.internal.NoJtaPlatform]
2022-11-08 12:28:20.227  INFO 22794 --- [           main] j.LocalContainerEntityManagerFactoryBean : Initialized JPA EntityManagerFactory for persistence unit 'default'
2022-11-08 12:28:21.833  WARN 22794 --- [           main] JpaBaseConfiguration$JpaWebConfiguration : spring.jpa.open-in-view is enabled by default. Therefore, database queries may be performed during view rendering. Explicitly configure spring.jpa.open-in-view to disable this warning
2022-11-08 12:28:23.270  WARN 22794 --- [           main] c.g.jknack.handlebars.HelperRegistry     : Helper 'capitalize' has been replaced by 'capitalize'
2022-11-08 12:28:23.279  WARN 22794 --- [           main] c.g.jknack.handlebars.HelperRegistry     : Helper 'slugify' has been replaced by 'slugify'
2022-11-08 12:28:23.279  WARN 22794 --- [           main] c.g.jknack.handlebars.HelperRegistry     : Helper 'wordWrap' has been replaced by 'wordWrap'
2022-11-08 12:28:23.319  INFO 22794 --- [           main] o.s.b.a.e.web.EndpointLinksResolver      : Exposing 1 endpoint(s) beneath base path '/actuator'
2022-11-08 12:28:23.426  WARN 22794 --- [           main] ConfigServletWebServerApplicationContext : Exception encountered during context initialization - cancelling refresh attempt: org.springframework.context.ApplicationContextException: Failed to start bean 'webServerStartStop'; nested exception is org.springframework.boot.web.server.PortInUseException: Port 8080 is already in use
2022-11-08 12:28:23.435  INFO 22794 --- [           main] j.LocalContainerEntityManagerFactoryBean : Closing JPA EntityManagerFactory for persistence unit 'default'
2022-11-08 12:28:23.436  INFO 22794 --- [           main] .SchemaDropperImpl$DelayedDropActionImpl : HHH000477: Starting delayed evictData of schema as part of SessionFactory shut-down'
2022-11-08 12:28:23.446  INFO 22794 --- [           main] com.zaxxer.hikari.HikariDataSource       : HikariPool-1 - Shutdown initiated...
2022-11-08 12:28:23.453  INFO 22794 --- [           main] com.zaxxer.hikari.HikariDataSource       : HikariPool-1 - Shutdown completed.
2022-11-08 12:28:23.456  INFO 22794 --- [           main] o.apache.catalina.core.StandardService   : Stopping service [Tomcat]
2022-11-08 12:28:23.500  INFO 22794 --- [           main] ConditionEvaluationReportLoggingListener : 

Error starting ApplicationContext. To display the conditions report re-run your application with 'debug' enabled.
2022-11-08 12:28:23.551 ERROR 22794 --- [           main] o.s.b.d.LoggingFailureAnalysisReporter   : 

***************************
APPLICATION FAILED TO START
***************************

Description:

Web server failed to start. Port 8080 was already in use.

Action:

Identify and stop the process that's listening on port 8080 or configure this application to listen on another port.

2022-11-08 12:33:43.187  INFO 15836 --- [ionShutdownHook] j.LocalContainerEntityManagerFactoryBean : Closing JPA EntityManagerFactory for persistence unit 'default'
2022-11-08 12:33:43.188  INFO 15836 --- [ionShutdownHook] .SchemaDropperImpl$DelayedDropActionImpl : HHH000477: Starting delayed evictData of schema as part of SessionFactory shut-down'
2022-11-08 12:33:43.200  INFO 15836 --- [ionShutdownHook] com.zaxxer.hikari.HikariDataSource       : HikariPool-1 - Shutdown initiated...
2022-11-08 12:33:43.210  INFO 15836 --- [ionShutdownHook] com.zaxxer.hikari.HikariDataSource       : HikariPool-1 - Shutdown completed.

  .   ____          _            __ _ _
 /\\ / ___'_ __ _ _(_)_ __  __ _ \ \ \ \
( ( )\___ | '_ | '_| | '_ \/ _` | \ \ \ \
 \\/  ___)| |_)| | | | | || (_| |  ) ) ) )
  '  |____| .__|_| |_|_| |_\__, | / / / /
 =========|_|==============|___/=/_/_/_/
 :: Spring Boot ::                (v2.7.5)

2022-11-08 12:33:51.341  INFO 27651 --- [           main] com.mwe.webservice.Application           : Starting Application using Java 11.0.17 on ip-172-31-46-20.ap-northeast-2.compute.internal with PID 27651 (/home/ec2-user/app/travis/jar/spring-webservice-0.0.3-SNAPSHOT.jar started by ec2-user in /home/ec2-user/app/git/spring-webservice)
2022-11-08 12:33:51.349  INFO 27651 --- [           main] com.mwe.webservice.Application           : The following 1 profile is active: "local"
2022-11-08 12:33:53.812  INFO 27651 --- [           main] .s.d.r.c.RepositoryConfigurationDelegate : Bootstrapping Spring Data JPA repositories in DEFAULT mode.
2022-11-08 12:33:53.963  INFO 27651 --- [           main] .s.d.r.c.RepositoryConfigurationDelegate : Finished Spring Data repository scanning in 128 ms. Found 1 JPA repository interfaces.
2022-11-08 12:33:55.109  INFO 27651 --- [           main] trationDelegate$BeanPostProcessorChecker : Bean 'pl.allegro.tech.boot.autoconfigure.handlebars.HandlebarsHelpersAutoConfiguration' of type [pl.allegro.tech.boot.autoconfigure.handlebars.HandlebarsHelpersAutoConfiguration$$EnhancerBySpringCGLIB$$cf0832c8] is not eligible for getting processed by all BeanPostProcessors (for example: not eligible for auto-proxying)
2022-11-08 12:33:55.171  INFO 27651 --- [           main] trationDelegate$BeanPostProcessorChecker : Bean 'handlebars.resolver-pl.allegro.tech.boot.autoconfigure.handlebars.HandlebarsValueResolversProperties' of type [pl.allegro.tech.boot.autoconfigure.handlebars.HandlebarsValueResolversProperties] is not eligible for getting processed by all BeanPostProcessors (for example: not eligible for auto-proxying)
2022-11-08 12:33:55.185  INFO 27651 --- [           main] trationDelegate$BeanPostProcessorChecker : Bean 'handlebars-pl.allegro.tech.boot.autoconfigure.handlebars.HandlebarsProperties' of type [pl.allegro.tech.boot.autoconfigure.handlebars.HandlebarsProperties] is not eligible for getting processed by all BeanPostProcessors (for example: not eligible for auto-proxying)
2022-11-08 12:33:55.188  INFO 27651 --- [           main] trationDelegate$BeanPostProcessorChecker : Bean 'pl.allegro.tech.boot.autoconfigure.handlebars.HandlebarsAutoConfiguration$HandlebarsViewResolverConfiguration' of type [pl.allegro.tech.boot.autoconfigure.handlebars.HandlebarsAutoConfiguration$HandlebarsViewResolverConfiguration$$EnhancerBySpringCGLIB$$e1ef5d66] is not eligible for getting processed by all BeanPostProcessors (for example: not eligible for auto-proxying)
2022-11-08 12:33:55.307  INFO 27651 --- [           main] trationDelegate$BeanPostProcessorChecker : Bean 'handlebarsViewResolver' of type [com.github.jknack.handlebars.springmvc.HandlebarsViewResolver] is not eligible for getting processed by all BeanPostProcessors (for example: not eligible for auto-proxying)
2022-11-08 12:33:55.929  INFO 27651 --- [           main] o.s.b.w.embedded.tomcat.TomcatWebServer  : Tomcat initialized with port(s): 8080 (http)
2022-11-08 12:33:55.954  INFO 27651 --- [           main] o.apache.catalina.core.StandardService   : Starting service [Tomcat]
2022-11-08 12:33:55.959  INFO 27651 --- [           main] org.apache.catalina.core.StandardEngine  : Starting Servlet engine: [Apache Tomcat/9.0.68]
2022-11-08 12:33:56.168  INFO 27651 --- [           main] o.a.c.c.C.[Tomcat].[localhost].[/]       : Initializing Spring embedded WebApplicationContext
2022-11-08 12:33:56.168  INFO 27651 --- [           main] w.s.c.ServletWebServerApplicationContext : Root WebApplicationContext: initialization completed in 4666 ms
2022-11-08 12:33:57.540  INFO 27651 --- [           main] com.zaxxer.hikari.HikariDataSource       : HikariPool-1 - Starting...
2022-11-08 12:33:58.057  INFO 27651 --- [           main] com.zaxxer.hikari.HikariDataSource       : HikariPool-1 - Start completed.
2022-11-08 12:33:58.199  INFO 27651 --- [           main] o.hibernate.jpa.internal.util.LogHelper  : HHH000204: Processing PersistenceUnitInfo [name: default]
2022-11-08 12:33:58.341  INFO 27651 --- [           main] org.hibernate.Version                    : HHH000412: Hibernate ORM core version 5.6.12.Final
2022-11-08 12:33:58.979  INFO 27651 --- [           main] o.hibernate.annotations.common.Version   : HCANN000001: Hibernate Commons Annotations {5.1.2.Final}
2022-11-08 12:33:59.329  INFO 27651 --- [           main] org.hibernate.dialect.Dialect            : HHH000400: Using dialect: org.hibernate.dialect.H2Dialect
Hibernate: drop table if exists posts CASCADE 
Hibernate: create table posts (id bigint generated by default as identity, created_date timestamp, modified_date timestamp, author varchar(255), content TEXT not null, title varchar(500) not null, primary key (id))
2022-11-08 12:34:01.399  INFO 27651 --- [           main] o.h.e.t.j.p.i.JtaPlatformInitiator       : HHH000490: Using JtaPlatform implementation: [org.hibernate.engine.transaction.jta.platform.internal.NoJtaPlatform]
2022-11-08 12:34:01.426  INFO 27651 --- [           main] j.LocalContainerEntityManagerFactoryBean : Initialized JPA EntityManagerFactory for persistence unit 'default'
2022-11-08 12:34:02.905  WARN 27651 --- [           main] JpaBaseConfiguration$JpaWebConfiguration : spring.jpa.open-in-view is enabled by default. Therefore, database queries may be performed during view rendering. Explicitly configure spring.jpa.open-in-view to disable this warning
2022-11-08 12:34:03.981  WARN 27651 --- [           main] c.g.jknack.handlebars.HelperRegistry     : Helper 'capitalize' has been replaced by 'capitalize'
2022-11-08 12:34:03.981  WARN 27651 --- [           main] c.g.jknack.handlebars.HelperRegistry     : Helper 'slugify' has been replaced by 'slugify'
2022-11-08 12:34:03.981  WARN 27651 --- [           main] c.g.jknack.handlebars.HelperRegistry     : Helper 'wordWrap' has been replaced by 'wordWrap'
2022-11-08 12:34:04.007  INFO 27651 --- [           main] o.s.b.a.e.web.EndpointLinksResolver      : Exposing 1 endpoint(s) beneath base path '/actuator'
2022-11-08 12:34:04.123  INFO 27651 --- [           main] o.s.b.w.embedded.tomcat.TomcatWebServer  : Tomcat started on port(s): 8080 (http) with context path ''
2022-11-08 12:34:04.158  INFO 27651 --- [           main] com.mwe.webservice.Application           : Started Application in 14.332 seconds (JVM running for 15.742)
2022-11-08 13:34:26.793  WARN 27651 --- [l-1 housekeeper] com.zaxxer.hikari.pool.HikariPool        : HikariPool-1 - Thread starvation or clock leap detected (housekeeper delta=1m28s594ms860µs720ns).

  .   ____          _            __ _ _
 /\\ / ___'_ __ _ _(_)_ __  __ _ \ \ \ \
( ( )\___ | '_ | '_| | '_ \/ _` | \ \ \ \
 \\/  ___)| |_)| | | | | || (_| |  ) ) ) )
  '  |____| .__|_| |_|_| |_\__, | / / / /
 =========|_|==============|___/=/_/_/_/
 :: Spring Boot ::                (v2.7.5)

2022-11-08 14:00:02.718  INFO 12338 --- [           main] com.mwe.webservice.Application           : Starting Application using Java 11.0.17 on ip-172-31-46-20.ap-northeast-2.compute.internal with PID 12338 (/home/ec2-user/app/git/spring-webservice-0.0.3-SNAPSHOT.jar started by ec2-user in /home/ec2-user/app/git/spring-webservice)
2022-11-08 14:00:02.730  INFO 12338 --- [           main] com.mwe.webservice.Application           : No active profile set, falling back to 1 default profile: "default"
2022-11-08 14:00:02.960  WARN 12338 --- [           main] o.s.b.c.config.ConfigDataEnvironment     : Property 'spring.profiles' imported from location 'file [/home/ec2-user/app/config/spring-webservice/real-application.yml]' is invalid and should be replaced with 'spring.config.activate.on-profile' [origin: URL [file:/home/ec2-user/app/config/spring-webservice/real-application.yml] - 10:13]
2022-11-08 14:00:02.960  WARN 12338 --- [           main] o.s.b.c.config.ConfigDataEnvironment     : Property 'spring.profiles' imported from location 'file [/home/ec2-user/app/config/spring-webservice/real-application.yml]' is invalid and should be replaced with 'spring.config.activate.on-profile' [origin: URL [file:/home/ec2-user/app/config/spring-webservice/real-application.yml] - 3:13]
2022-11-08 14:00:05.325  INFO 12338 --- [           main] .s.d.r.c.RepositoryConfigurationDelegate : Bootstrapping Spring Data JPA repositories in DEFAULT mode.
2022-11-08 14:00:05.452  INFO 12338 --- [           main] .s.d.r.c.RepositoryConfigurationDelegate : Finished Spring Data repository scanning in 107 ms. Found 1 JPA repository interfaces.
2022-11-08 14:00:06.410  INFO 12338 --- [           main] trationDelegate$BeanPostProcessorChecker : Bean 'pl.allegro.tech.boot.autoconfigure.handlebars.HandlebarsHelpersAutoConfiguration' of type [pl.allegro.tech.boot.autoconfigure.handlebars.HandlebarsHelpersAutoConfiguration$$EnhancerBySpringCGLIB$$5c9ccdc7] is not eligible for getting processed by all BeanPostProcessors (for example: not eligible for auto-proxying)
2022-11-08 14:00:06.463  INFO 12338 --- [           main] trationDelegate$BeanPostProcessorChecker : Bean 'handlebars.resolver-pl.allegro.tech.boot.autoconfigure.handlebars.HandlebarsValueResolversProperties' of type [pl.allegro.tech.boot.autoconfigure.handlebars.HandlebarsValueResolversProperties] is not eligible for getting processed by all BeanPostProcessors (for example: not eligible for auto-proxying)
2022-11-08 14:00:06.476  INFO 12338 --- [           main] trationDelegate$BeanPostProcessorChecker : Bean 'handlebars-pl.allegro.tech.boot.autoconfigure.handlebars.HandlebarsProperties' of type [pl.allegro.tech.boot.autoconfigure.handlebars.HandlebarsProperties] is not eligible for getting processed by all BeanPostProcessors (for example: not eligible for auto-proxying)
2022-11-08 14:00:06.481  INFO 12338 --- [           main] trationDelegate$BeanPostProcessorChecker : Bean 'pl.allegro.tech.boot.autoconfigure.handlebars.HandlebarsAutoConfiguration$HandlebarsViewResolverConfiguration' of type [pl.allegro.tech.boot.autoconfigure.handlebars.HandlebarsAutoConfiguration$HandlebarsViewResolverConfiguration$$EnhancerBySpringCGLIB$$6f83f865] is not eligible for getting processed by all BeanPostProcessors (for example: not eligible for auto-proxying)
2022-11-08 14:00:06.628  INFO 12338 --- [           main] trationDelegate$BeanPostProcessorChecker : Bean 'handlebarsViewResolver' of type [com.github.jknack.handlebars.springmvc.HandlebarsViewResolver] is not eligible for getting processed by all BeanPostProcessors (for example: not eligible for auto-proxying)
2022-11-08 14:00:07.315  INFO 12338 --- [           main] o.s.b.w.embedded.tomcat.TomcatWebServer  : Tomcat initialized with port(s): 8080 (http)
2022-11-08 14:00:07.348  INFO 12338 --- [           main] o.apache.catalina.core.StandardService   : Starting service [Tomcat]
2022-11-08 14:00:07.350  INFO 12338 --- [           main] org.apache.catalina.core.StandardEngine  : Starting Servlet engine: [Apache Tomcat/9.0.68]
2022-11-08 14:00:07.571  INFO 12338 --- [           main] o.a.c.c.C.[Tomcat].[localhost].[/]       : Initializing Spring embedded WebApplicationContext
2022-11-08 14:00:07.571  INFO 12338 --- [           main] w.s.c.ServletWebServerApplicationContext : Root WebApplicationContext: initialization completed in 4608 ms
2022-11-08 14:00:09.132  INFO 12338 --- [           main] com.zaxxer.hikari.HikariDataSource       : HikariPool-1 - Starting...
2022-11-08 14:00:09.834  INFO 12338 --- [           main] com.zaxxer.hikari.HikariDataSource       : HikariPool-1 - Start completed.
2022-11-08 14:00:10.008  INFO 12338 --- [           main] o.hibernate.jpa.internal.util.LogHelper  : HHH000204: Processing PersistenceUnitInfo [name: default]
2022-11-08 14:00:10.172  INFO 12338 --- [           main] org.hibernate.Version                    : HHH000412: Hibernate ORM core version 5.6.12.Final
2022-11-08 14:00:10.980  INFO 12338 --- [           main] o.hibernate.annotations.common.Version   : HCANN000001: Hibernate Commons Annotations {5.1.2.Final}
2022-11-08 14:00:11.450  INFO 12338 --- [           main] org.hibernate.dialect.Dialect            : HHH000400: Using dialect: org.hibernate.dialect.H2Dialect
2022-11-08 14:00:12.785  INFO 12338 --- [           main] o.h.e.t.j.p.i.JtaPlatformInitiator       : HHH000490: Using JtaPlatform implementation: [org.hibernate.engine.transaction.jta.platform.internal.NoJtaPlatform]
2022-11-08 14:00:12.811  INFO 12338 --- [           main] j.LocalContainerEntityManagerFactoryBean : Initialized JPA EntityManagerFactory for persistence unit 'default'
2022-11-08 14:00:14.247  WARN 12338 --- [           main] JpaBaseConfiguration$JpaWebConfiguration : spring.jpa.open-in-view is enabled by default. Therefore, database queries may be performed during view rendering. Explicitly configure spring.jpa.open-in-view to disable this warning
2022-11-08 14:00:15.640  WARN 12338 --- [           main] c.g.jknack.handlebars.HelperRegistry     : Helper 'capitalize' has been replaced by 'capitalize'
2022-11-08 14:00:15.643  WARN 12338 --- [           main] c.g.jknack.handlebars.HelperRegistry     : Helper 'slugify' has been replaced by 'slugify'
2022-11-08 14:00:15.643  WARN 12338 --- [           main] c.g.jknack.handlebars.HelperRegistry     : Helper 'wordWrap' has been replaced by 'wordWrap'
2022-11-08 14:00:15.673  INFO 12338 --- [           main] o.s.b.a.e.web.EndpointLinksResolver      : Exposing 1 endpoint(s) beneath base path '/actuator'
2022-11-08 14:00:15.847  INFO 12338 --- [           main] o.s.b.w.embedded.tomcat.TomcatWebServer  : Tomcat started on port(s): 8080 (http) with context path ''
2022-11-08 14:00:15.900  INFO 12338 --- [           main] com.mwe.webservice.Application           : Started Application in 14.938 seconds (JVM running for 16.302)
2022-11-08 14:01:56.456  INFO 12338 --- [ionShutdownHook] j.LocalContainerEntityManagerFactoryBean : Closing JPA EntityManagerFactory for persistence unit 'default'
2022-11-08 14:01:56.465  INFO 12338 --- [ionShutdownHook] .SchemaDropperImpl$DelayedDropActionImpl : HHH000477: Starting delayed evictData of schema as part of SessionFactory shut-down'
2022-11-08 14:01:56.474  INFO 12338 --- [ionShutdownHook] com.zaxxer.hikari.HikariDataSource       : HikariPool-1 - Shutdown initiated...
2022-11-08 14:01:56.485  INFO 12338 --- [ionShutdownHook] com.zaxxer.hikari.HikariDataSource       : HikariPool-1 - Shutdown completed.

  .   ____          _            __ _ _
 /\\ / ___'_ __ _ _(_)_ __  __ _ \ \ \ \
( ( )\___ | '_ | '_| | '_ \/ _` | \ \ \ \
 \\/  ___)| |_)| | | | | || (_| |  ) ) ) )
  '  |____| .__|_| |_|_| |_\__, | / / / /
 =========|_|==============|___/=/_/_/_/
 :: Spring Boot ::                (v2.7.5)

2022-11-09 16:34:34.245  INFO 3765 --- [           main] com.mwe.webservice.Application           : Starting Application using Java 11.0.17 on ip-172-31-46-20.ap-northeast-2.compute.internal with PID 3765 (/home/ec2-user/app/git/spring-webservice-0.0.3-SNAPSHOT.jar started by ec2-user in /home/ec2-user/app/git/spring-webservice)
2022-11-09 16:34:34.253  INFO 3765 --- [           main] com.mwe.webservice.Application           : No active profile set, falling back to 1 default profile: "default"
2022-11-09 16:34:34.391  WARN 3765 --- [           main] o.s.b.c.config.ConfigDataEnvironment     : Property 'spring.profiles' imported from location 'file [/home/ec2-user/app/config/spring-webservice/real-application.yml]' is invalid and should be replaced with 'spring.config.activate.on-profile' [origin: URL [file:/home/ec2-user/app/config/spring-webservice/real-application.yml] - 9:13]
2022-11-09 16:34:34.391  WARN 3765 --- [           main] o.s.b.c.config.ConfigDataEnvironment     : Property 'spring.profiles' imported from location 'file [/home/ec2-user/app/config/spring-webservice/real-application.yml]' is invalid and should be replaced with 'spring.config.activate.on-profile' [origin: URL [file:/home/ec2-user/app/config/spring-webservice/real-application.yml] - 3:13]
2022-11-09 16:34:36.820  INFO 3765 --- [           main] .s.d.r.c.RepositoryConfigurationDelegate : Bootstrapping Spring Data JPA repositories in DEFAULT mode.
2022-11-09 16:34:36.946  INFO 3765 --- [           main] .s.d.r.c.RepositoryConfigurationDelegate : Finished Spring Data repository scanning in 103 ms. Found 1 JPA repository interfaces.
2022-11-09 16:34:37.948  INFO 3765 --- [           main] trationDelegate$BeanPostProcessorChecker : Bean 'pl.allegro.tech.boot.autoconfigure.handlebars.HandlebarsHelpersAutoConfiguration' of type [pl.allegro.tech.boot.autoconfigure.handlebars.HandlebarsHelpersAutoConfiguration$$EnhancerBySpringCGLIB$$5c9ccdc7] is not eligible for getting processed by all BeanPostProcessors (for example: not eligible for auto-proxying)
2022-11-09 16:34:38.011  INFO 3765 --- [           main] trationDelegate$BeanPostProcessorChecker : Bean 'handlebars.resolver-pl.allegro.tech.boot.autoconfigure.handlebars.HandlebarsValueResolversProperties' of type [pl.allegro.tech.boot.autoconfigure.handlebars.HandlebarsValueResolversProperties] is not eligible for getting processed by all BeanPostProcessors (for example: not eligible for auto-proxying)
2022-11-09 16:34:38.025  INFO 3765 --- [           main] trationDelegate$BeanPostProcessorChecker : Bean 'handlebars-pl.allegro.tech.boot.autoconfigure.handlebars.HandlebarsProperties' of type [pl.allegro.tech.boot.autoconfigure.handlebars.HandlebarsProperties] is not eligible for getting processed by all BeanPostProcessors (for example: not eligible for auto-proxying)
2022-11-09 16:34:38.033  INFO 3765 --- [           main] trationDelegate$BeanPostProcessorChecker : Bean 'pl.allegro.tech.boot.autoconfigure.handlebars.HandlebarsAutoConfiguration$HandlebarsViewResolverConfiguration' of type [pl.allegro.tech.boot.autoconfigure.handlebars.HandlebarsAutoConfiguration$HandlebarsViewResolverConfiguration$$EnhancerBySpringCGLIB$$6f83f865] is not eligible for getting processed by all BeanPostProcessors (for example: not eligible for auto-proxying)
2022-11-09 16:34:38.150  INFO 3765 --- [           main] trationDelegate$BeanPostProcessorChecker : Bean 'handlebarsViewResolver' of type [com.github.jknack.handlebars.springmvc.HandlebarsViewResolver] is not eligible for getting processed by all BeanPostProcessors (for example: not eligible for auto-proxying)
2022-11-09 16:34:38.783  INFO 3765 --- [           main] o.s.b.w.embedded.tomcat.TomcatWebServer  : Tomcat initialized with port(s): 8080 (http)
2022-11-09 16:34:38.816  INFO 3765 --- [           main] o.apache.catalina.core.StandardService   : Starting service [Tomcat]
2022-11-09 16:34:38.816  INFO 3765 --- [           main] org.apache.catalina.core.StandardEngine  : Starting Servlet engine: [Apache Tomcat/9.0.68]
2022-11-09 16:34:39.013  INFO 3765 --- [           main] o.a.c.c.C.[Tomcat].[localhost].[/]       : Initializing Spring embedded WebApplicationContext
2022-11-09 16:34:39.019  INFO 3765 --- [           main] w.s.c.ServletWebServerApplicationContext : Root WebApplicationContext: initialization completed in 4626 ms
2022-11-09 16:34:40.366  INFO 3765 --- [           main] com.zaxxer.hikari.HikariDataSource       : HikariPool-1 - Starting...
2022-11-09 16:34:41.007  INFO 3765 --- [           main] com.zaxxer.hikari.HikariDataSource       : HikariPool-1 - Start completed.
2022-11-09 16:34:41.188  INFO 3765 --- [           main] o.hibernate.jpa.internal.util.LogHelper  : HHH000204: Processing PersistenceUnitInfo [name: default]
2022-11-09 16:34:41.312  INFO 3765 --- [           main] org.hibernate.Version                    : HHH000412: Hibernate ORM core version 5.6.12.Final
2022-11-09 16:34:41.818  INFO 3765 --- [           main] o.hibernate.annotations.common.Version   : HCANN000001: Hibernate Commons Annotations {5.1.2.Final}
2022-11-09 16:34:42.137  INFO 3765 --- [           main] org.hibernate.dialect.Dialect            : HHH000400: Using dialect: org.hibernate.dialect.H2Dialect
2022-11-09 16:34:43.756  INFO 3765 --- [           main] o.h.e.t.j.p.i.JtaPlatformInitiator       : HHH000490: Using JtaPlatform implementation: [org.hibernate.engine.transaction.jta.platform.internal.NoJtaPlatform]
2022-11-09 16:34:43.772  INFO 3765 --- [           main] j.LocalContainerEntityManagerFactoryBean : Initialized JPA EntityManagerFactory for persistence unit 'default'
2022-11-09 16:34:45.443  WARN 3765 --- [           main] JpaBaseConfiguration$JpaWebConfiguration : spring.jpa.open-in-view is enabled by default. Therefore, database queries may be performed during view rendering. Explicitly configure spring.jpa.open-in-view to disable this warning
2022-11-09 16:34:46.598  WARN 3765 --- [           main] c.g.jknack.handlebars.HelperRegistry     : Helper 'capitalize' has been replaced by 'capitalize'
2022-11-09 16:34:46.603  WARN 3765 --- [           main] c.g.jknack.handlebars.HelperRegistry     : Helper 'slugify' has been replaced by 'slugify'
2022-11-09 16:34:46.603  WARN 3765 --- [           main] c.g.jknack.handlebars.HelperRegistry     : Helper 'wordWrap' has been replaced by 'wordWrap'
2022-11-09 16:34:46.625  INFO 3765 --- [           main] o.s.b.a.e.web.EndpointLinksResolver      : Exposing 1 endpoint(s) beneath base path '/actuator'
2022-11-09 16:34:46.738  INFO 3765 --- [           main] o.s.b.w.embedded.tomcat.TomcatWebServer  : Tomcat started on port(s): 8080 (http) with context path ''
2022-11-09 16:34:46.776  INFO 3765 --- [           main] com.mwe.webservice.Application           : Started Application in 13.969 seconds (JVM running for 15.225)
2022-11-09 16:34:49.676  INFO 3765 --- [ionShutdownHook] j.LocalContainerEntityManagerFactoryBean : Closing JPA EntityManagerFactory for persistence unit 'default'
2022-11-09 16:34:49.678  INFO 3765 --- [ionShutdownHook] .SchemaDropperImpl$DelayedDropActionImpl : HHH000477: Starting delayed evictData of schema as part of SessionFactory shut-down'
2022-11-09 16:34:49.689  INFO 3765 --- [ionShutdownHook] com.zaxxer.hikari.HikariDataSource       : HikariPool-1 - Shutdown initiated...
2022-11-09 16:34:49.700  INFO 3765 --- [ionShutdownHook] com.zaxxer.hikari.HikariDataSource       : HikariPool-1 - Shutdown completed.
